<?xml version="1.0" encoding="UTF-8"?>
<testsuite xmlns:xsi="http://www.w3.org/2001/XMLSchema-instance" xsi:noNamespaceSchemaLocation="https://maven.apache.org/surefire/maven-surefire-plugin/xsd/surefire-test-report-3.0.xsd" version="3.0" name="com.studentrecordapp.sms.StudentRecordApplicationTests" time="11.374" tests="1" errors="0" skipped="0" failures="0">
  <properties>
[...]
</properties>
  <testcase name="contextLoads" classname="com.studentrecordapp.sms.StudentRecordApplicationTests" time="1.456">
    <system-out><![CDATA[09:23:13.203 [main] INFO org.springframework.test.context.support.AnnotationConfigContextLoaderUtils -- Could not detect default configuration classes for test class [com.studentrecordapp.sms.StudentRecordApplicationTests]: StudentRecordApplicationTests does not declare any static, non-private, non-final, nested classes annotated with @Configuration.
09:23:13.421 [main] INFO org.springframework.boot.test.context.SpringBootTestContextBootstrapper -- Found @SpringBootConfiguration com.studentrecordapp.sms.StudentRecordApplication for test class com.studentrecordapp.sms.StudentRecordApplicationTests
09:23:13.818 [main] INFO org.springframework.boot.devtools.restart.RestartApplicationListener -- Restart disabled due to context in which it is running

  .   ____          _            __ _ _
 /\\ / ___'_ __ _ _(_)_ __  __ _ \ \ \ \
( ( )\___ | '_ | '_| | '_ \/ _` | \ \ \ \
 \\/  ___)| |_)| | | | | || (_| |  ) ) ) )
  '  |____| .__|_| |_|_| |_\__, | / / / /
 =========|_|==============|___/=/_/_/_/
 :: Spring Boot ::                (v3.2.5)

2024-09-05T09:23:14.323+04:00  INFO 20188 --- [student-record] [           main] c.s.sms.StudentRecordApplicationTests    : Starting StudentRecordApplicationTests using Java 17.0.10 with PID 20188 (started by marvellousmaniac in C:\Users\marve\OneDrive\Desktop\student-record2)
2024-09-05T09:23:14.325+04:00  INFO 20188 --- [student-record] [           main] c.s.sms.StudentRecordApplicationTests    : No active profile set, falling back to 1 default profile: "default"
2024-09-05T09:23:15.667+04:00  INFO 20188 --- [student-record] [           main] .s.d.r.c.RepositoryConfigurationDelegate : Bootstrapping Spring Data JPA repositories in DEFAULT mode.
2024-09-05T09:23:15.777+04:00  INFO 20188 --- [student-record] [           main] .s.d.r.c.RepositoryConfigurationDelegate : Finished Spring Data repository scanning in 91 ms. Found 1 JPA repository interface.
2024-09-05T09:23:16.767+04:00  INFO 20188 --- [student-record] [           main] o.hibernate.jpa.internal.util.LogHelper  : HHH000204: Processing PersistenceUnitInfo [name: default]
2024-09-05T09:23:16.911+04:00  INFO 20188 --- [student-record] [           main] org.hibernate.Version                    : HHH000412: Hibernate ORM core version 6.4.4.Final
2024-09-05T09:23:17.004+04:00  INFO 20188 --- [student-record] [           main] o.h.c.internal.RegionFactoryInitiator    : HHH000026: Second-level cache disabled
2024-09-05T09:23:17.322+04:00 DEBUG 20188 --- [student-record] [           main] org.hibernate.type.BasicTypeRegistry     : Adding type registration boolean -> org.hibernate.type.BasicTypeReference@c3719e5
2024-09-05T09:23:17.322+04:00 DEBUG 20188 --- [student-record] [           main] org.hibernate.type.BasicTypeRegistry     : Adding type registration boolean -> org.hibernate.type.BasicTypeReference@c3719e5
2024-09-05T09:23:17.322+04:00 DEBUG 20188 --- [student-record] [           main] org.hibernate.type.BasicTypeRegistry     : Adding type registration java.lang.Boolean -> org.hibernate.type.BasicTypeReference@c3719e5
2024-09-05T09:23:17.322+04:00 DEBUG 20188 --- [student-record] [           main] org.hibernate.type.BasicTypeRegistry     : Adding type registration numeric_boolean -> org.hibernate.type.BasicTypeReference@65c17e38
2024-09-05T09:23:17.323+04:00 DEBUG 20188 --- [student-record] [           main] org.hibernate.type.BasicTypeRegistry     : Adding type registration org.hibernate.type.NumericBooleanConverter -> org.hibernate.type.BasicTypeReference@65c17e38
2024-09-05T09:23:17.323+04:00 DEBUG 20188 --- [student-record] [           main] org.hibernate.type.BasicTypeRegistry     : Adding type registration true_false -> org.hibernate.type.BasicTypeReference@5e180aaf
2024-09-05T09:23:17.323+04:00 DEBUG 20188 --- [student-record] [           main] org.hibernate.type.BasicTypeRegistry     : Adding type registration org.hibernate.type.TrueFalseConverter -> org.hibernate.type.BasicTypeReference@5e180aaf
2024-09-05T09:23:17.323+04:00 DEBUG 20188 --- [student-record] [           main] org.hibernate.type.BasicTypeRegistry     : Adding type registration yes_no -> org.hibernate.type.BasicTypeReference@7015ebef
2024-09-05T09:23:17.324+04:00 DEBUG 20188 --- [student-record] [           main] org.hibernate.type.BasicTypeRegistry     : Adding type registration org.hibernate.type.YesNoConverter -> org.hibernate.type.BasicTypeReference@7015ebef
2024-09-05T09:23:17.324+04:00 DEBUG 20188 --- [student-record] [           main] org.hibernate.type.BasicTypeRegistry     : Adding type registration byte -> org.hibernate.type.BasicTypeReference@44592c39
2024-09-05T09:23:17.324+04:00 DEBUG 20188 --- [student-record] [           main] org.hibernate.type.BasicTypeRegistry     : Adding type registration byte -> org.hibernate.type.BasicTypeReference@44592c39
2024-09-05T09:23:17.325+04:00 DEBUG 20188 --- [student-record] [           main] org.hibernate.type.BasicTypeRegistry     : Adding type registration java.lang.Byte -> org.hibernate.type.BasicTypeReference@44592c39
2024-09-05T09:23:17.326+04:00 DEBUG 20188 --- [student-record] [           main] org.hibernate.type.BasicTypeRegistry     : Adding type registration binary -> org.hibernate.type.BasicTypeReference@2a87ba34
2024-09-05T09:23:17.327+04:00 DEBUG 20188 --- [student-record] [           main] org.hibernate.type.BasicTypeRegistry     : Adding type registration byte[] -> org.hibernate.type.BasicTypeReference@2a87ba34
2024-09-05T09:23:17.327+04:00 DEBUG 20188 --- [student-record] [           main] org.hibernate.type.BasicTypeRegistry     : Adding type registration [B -> org.hibernate.type.BasicTypeReference@2a87ba34
2024-09-05T09:23:17.327+04:00 DEBUG 20188 --- [student-record] [           main] org.hibernate.type.BasicTypeRegistry     : Adding type registration binary_wrapper -> org.hibernate.type.BasicTypeReference@66749eea
2024-09-05T09:23:17.328+04:00 DEBUG 20188 --- [student-record] [           main] org.hibernate.type.BasicTypeRegistry     : Adding type registration wrapper-binary -> org.hibernate.type.BasicTypeReference@66749eea
2024-09-05T09:23:17.328+04:00 DEBUG 20188 --- [student-record] [           main] org.hibernate.type.BasicTypeRegistry     : Adding type registration image -> org.hibernate.type.BasicTypeReference@7135ce0a
2024-09-05T09:23:17.328+04:00 DEBUG 20188 --- [student-record] [           main] org.hibernate.type.BasicTypeRegistry     : Adding type registration blob -> org.hibernate.type.BasicTypeReference@617449dd
2024-09-05T09:23:17.329+04:00 DEBUG 20188 --- [student-record] [           main] org.hibernate.type.BasicTypeRegistry     : Adding type registration java.sql.Blob -> org.hibernate.type.BasicTypeReference@617449dd
2024-09-05T09:23:17.329+04:00 DEBUG 20188 --- [student-record] [           main] org.hibernate.type.BasicTypeRegistry     : Adding type registration materialized_blob -> org.hibernate.type.BasicTypeReference@2e590b
2024-09-05T09:23:17.329+04:00 DEBUG 20188 --- [student-record] [           main] org.hibernate.type.BasicTypeRegistry     : Adding type registration materialized_blob_wrapper -> org.hibernate.type.BasicTypeReference@42ef042a
2024-09-05T09:23:17.329+04:00 DEBUG 20188 --- [student-record] [           main] org.hibernate.type.BasicTypeRegistry     : Adding type registration short -> org.hibernate.type.BasicTypeReference@1df5c7e3
2024-09-05T09:23:17.329+04:00 DEBUG 20188 --- [student-record] [           main] org.hibernate.type.BasicTypeRegistry     : Adding type registration short -> org.hibernate.type.BasicTypeReference@1df5c7e3
2024-09-05T09:23:17.330+04:00 DEBUG 20188 --- [student-record] [           main] org.hibernate.type.BasicTypeRegistry     : Adding type registration java.lang.Short -> org.hibernate.type.BasicTypeReference@1df5c7e3
2024-09-05T09:23:17.331+04:00 DEBUG 20188 --- [student-record] [           main] org.hibernate.type.BasicTypeRegistry     : Adding type registration integer -> org.hibernate.type.BasicTypeReference@5e0c4f21
2024-09-05T09:23:17.332+04:00 DEBUG 20188 --- [student-record] [           main] org.hibernate.type.BasicTypeRegistry     : Adding type registration int -> org.hibernate.type.BasicTypeReference@5e0c4f21
2024-09-05T09:23:17.332+04:00 DEBUG 20188 --- [student-record] [           main] org.hibernate.type.BasicTypeRegistry     : Adding type registration java.lang.Integer -> org.hibernate.type.BasicTypeReference@5e0c4f21
2024-09-05T09:23:17.332+04:00 DEBUG 20188 --- [student-record] [           main] org.hibernate.type.BasicTypeRegistry     : Adding type registration long -> org.hibernate.type.BasicTypeReference@2c18a3ea
2024-09-05T09:23:17.333+04:00 DEBUG 20188 --- [student-record] [           main] org.hibernate.type.BasicTypeRegistry     : Adding type registration long -> org.hibernate.type.BasicTypeReference@2c18a3ea
2024-09-05T09:23:17.333+04:00 DEBUG 20188 --- [student-record] [           main] org.hibernate.type.BasicTypeRegistry     : Adding type registration java.lang.Long -> org.hibernate.type.BasicTypeReference@2c18a3ea
2024-09-05T09:23:17.333+04:00 DEBUG 20188 --- [student-record] [           main] org.hibernate.type.BasicTypeRegistry     : Adding type registration float -> org.hibernate.type.BasicTypeReference@166c2c17
2024-09-05T09:23:17.333+04:00 DEBUG 20188 --- [student-record] [           main] org.hibernate.type.BasicTypeRegistry     : Adding type registration float -> org.hibernate.type.BasicTypeReference@166c2c17
2024-09-05T09:23:17.334+04:00 DEBUG 20188 --- [student-record] [           main] org.hibernate.type.BasicTypeRegistry     : Adding type registration java.lang.Float -> org.hibernate.type.BasicTypeReference@166c2c17
2024-09-05T09:23:17.334+04:00 DEBUG 20188 --- [student-record] [           main] org.hibernate.type.BasicTypeRegistry     : Adding type registration double -> org.hibernate.type.BasicTypeReference@25953be6
2024-09-05T09:23:17.334+04:00 DEBUG 20188 --- [student-record] [           main] org.hibernate.type.BasicTypeRegistry     : Adding type registration double -> org.hibernate.type.BasicTypeReference@25953be6
2024-09-05T09:23:17.334+04:00 DEBUG 20188 --- [student-record] [           main] org.hibernate.type.BasicTypeRegistry     : Adding type registration java.lang.Double -> org.hibernate.type.BasicTypeReference@25953be6
2024-09-05T09:23:17.334+04:00 DEBUG 20188 --- [student-record] [           main] org.hibernate.type.BasicTypeRegistry     : Adding type registration big_integer -> org.hibernate.type.BasicTypeReference@19dc0d32
2024-09-05T09:23:17.335+04:00 DEBUG 20188 --- [student-record] [           main] org.hibernate.type.BasicTypeRegistry     : Adding type registration java.math.BigInteger -> org.hibernate.type.BasicTypeReference@19dc0d32
2024-09-05T09:23:17.335+04:00 DEBUG 20188 --- [student-record] [           main] org.hibernate.type.BasicTypeRegistry     : Adding type registration big_decimal -> org.hibernate.type.BasicTypeReference@70b2fa10
2024-09-05T09:23:17.335+04:00 DEBUG 20188 --- [student-record] [           main] org.hibernate.type.BasicTypeRegistry     : Adding type registration java.math.BigDecimal -> org.hibernate.type.BasicTypeReference@70b2fa10
2024-09-05T09:23:17.335+04:00 DEBUG 20188 --- [student-record] [           main] org.hibernate.type.BasicTypeRegistry     : Adding type registration character -> org.hibernate.type.BasicTypeReference@7c96c85
2024-09-05T09:23:17.336+04:00 DEBUG 20188 --- [student-record] [           main] org.hibernate.type.BasicTypeRegistry     : Adding type registration char -> org.hibernate.type.BasicTypeReference@7c96c85
2024-09-05T09:23:17.336+04:00 DEBUG 20188 --- [student-record] [           main] org.hibernate.type.BasicTypeRegistry     : Adding type registration java.lang.Character -> org.hibernate.type.BasicTypeReference@7c96c85
2024-09-05T09:23:17.337+04:00 DEBUG 20188 --- [student-record] [           main] org.hibernate.type.BasicTypeRegistry     : Adding type registration character_nchar -> org.hibernate.type.BasicTypeReference@b0f2d91
2024-09-05T09:23:17.338+04:00 DEBUG 20188 --- [student-record] [           main] org.hibernate.type.BasicTypeRegistry     : Adding type registration string -> org.hibernate.type.BasicTypeReference@7243145f
2024-09-05T09:23:17.338+04:00 DEBUG 20188 --- [student-record] [           main] org.hibernate.type.BasicTypeRegistry     : Adding type registration java.lang.String -> org.hibernate.type.BasicTypeReference@7243145f
2024-09-05T09:23:17.338+04:00 DEBUG 20188 --- [student-record] [           main] org.hibernate.type.BasicTypeRegistry     : Adding type registration nstring -> org.hibernate.type.BasicTypeReference@15c6027d
2024-09-05T09:23:17.338+04:00 DEBUG 20188 --- [student-record] [           main] org.hibernate.type.BasicTypeRegistry     : Adding type registration characters -> org.hibernate.type.BasicTypeReference@5927f904
2024-09-05T09:23:17.338+04:00 DEBUG 20188 --- [student-record] [           main] org.hibernate.type.BasicTypeRegistry     : Adding type registration char[] -> org.hibernate.type.BasicTypeReference@5927f904
2024-09-05T09:23:17.338+04:00 DEBUG 20188 --- [student-record] [           main] org.hibernate.type.BasicTypeRegistry     : Adding type registration [C -> org.hibernate.type.BasicTypeReference@5927f904
2024-09-05T09:23:17.339+04:00 DEBUG 20188 --- [student-record] [           main] org.hibernate.type.BasicTypeRegistry     : Adding type registration wrapper-characters -> org.hibernate.type.BasicTypeReference@2bb62414
2024-09-05T09:23:17.339+04:00 DEBUG 20188 --- [student-record] [           main] org.hibernate.type.BasicTypeRegistry     : Adding type registration text -> org.hibernate.type.BasicTypeReference@413d2cd1
2024-09-05T09:23:17.339+04:00 DEBUG 20188 --- [student-record] [           main] org.hibernate.type.BasicTypeRegistry     : Adding type registration ntext -> org.hibernate.type.BasicTypeReference@644d1b61
2024-09-05T09:23:17.339+04:00 DEBUG 20188 --- [student-record] [           main] org.hibernate.type.BasicTypeRegistry     : Adding type registration clob -> org.hibernate.type.BasicTypeReference@2443135
2024-09-05T09:23:17.339+04:00 DEBUG 20188 --- [student-record] [           main] org.hibernate.type.BasicTypeRegistry     : Adding type registration java.sql.Clob -> org.hibernate.type.BasicTypeReference@2443135
2024-09-05T09:23:17.339+04:00 DEBUG 20188 --- [student-record] [           main] org.hibernate.type.BasicTypeRegistry     : Adding type registration nclob -> org.hibernate.type.BasicTypeReference@184823ed
2024-09-05T09:23:17.340+04:00 DEBUG 20188 --- [student-record] [           main] org.hibernate.type.BasicTypeRegistry     : Adding type registration java.sql.NClob -> org.hibernate.type.BasicTypeReference@184823ed
2024-09-05T09:23:17.340+04:00 DEBUG 20188 --- [student-record] [           main] org.hibernate.type.BasicTypeRegistry     : Adding type registration materialized_clob -> org.hibernate.type.BasicTypeReference@30bbcf91
2024-09-05T09:23:17.342+04:00 DEBUG 20188 --- [student-record] [           main] org.hibernate.type.BasicTypeRegistry     : Adding type registration materialized_clob_char_array -> org.hibernate.type.BasicTypeReference@3ca14cf4
2024-09-05T09:23:17.343+04:00 DEBUG 20188 --- [student-record] [           main] org.hibernate.type.BasicTypeRegistry     : Adding type registration materialized_clob_character_array -> org.hibernate.type.BasicTypeReference@1f4f0fcc
2024-09-05T09:23:17.343+04:00 DEBUG 20188 --- [student-record] [           main] org.hibernate.type.BasicTypeRegistry     : Adding type registration materialized_nclob -> org.hibernate.type.BasicTypeReference@46c10083
2024-09-05T09:23:17.343+04:00 DEBUG 20188 --- [student-record] [           main] org.hibernate.type.BasicTypeRegistry     : Adding type registration materialized_nclob_character_array -> org.hibernate.type.BasicTypeReference@28e8888d
2024-09-05T09:23:17.343+04:00 DEBUG 20188 --- [student-record] [           main] org.hibernate.type.BasicTypeRegistry     : Adding type registration materialized_nclob_char_array -> org.hibernate.type.BasicTypeReference@1e98b788
2024-09-05T09:23:17.343+04:00 DEBUG 20188 --- [student-record] [           main] org.hibernate.type.BasicTypeRegistry     : Adding type registration Duration -> org.hibernate.type.BasicTypeReference@794eeaf8
2024-09-05T09:23:17.343+04:00 DEBUG 20188 --- [student-record] [           main] org.hibernate.type.BasicTypeRegistry     : Adding type registration java.time.Duration -> org.hibernate.type.BasicTypeReference@794eeaf8
2024-09-05T09:23:17.344+04:00 DEBUG 20188 --- [student-record] [           main] org.hibernate.type.BasicTypeRegistry     : Adding type registration LocalDateTime -> org.hibernate.type.BasicTypeReference@37c5284a
2024-09-05T09:23:17.344+04:00 DEBUG 20188 --- [student-record] [           main] org.hibernate.type.BasicTypeRegistry     : Adding type registration java.time.LocalDateTime -> org.hibernate.type.BasicTypeReference@37c5284a
2024-09-05T09:23:17.344+04:00 DEBUG 20188 --- [student-record] [           main] org.hibernate.type.BasicTypeRegistry     : Adding type registration LocalDate -> org.hibernate.type.BasicTypeReference@5b8572df
2024-09-05T09:23:17.344+04:00 DEBUG 20188 --- [student-record] [           main] org.hibernate.type.BasicTypeRegistry     : Adding type registration java.time.LocalDate -> org.hibernate.type.BasicTypeReference@5b8572df
2024-09-05T09:23:17.344+04:00 DEBUG 20188 --- [student-record] [           main] org.hibernate.type.BasicTypeRegistry     : Adding type registration LocalTime -> org.hibernate.type.BasicTypeReference@7aaad0
2024-09-05T09:23:17.344+04:00 DEBUG 20188 --- [student-record] [           main] org.hibernate.type.BasicTypeRegistry     : Adding type registration java.time.LocalTime -> org.hibernate.type.BasicTypeReference@7aaad0
2024-09-05T09:23:17.344+04:00 DEBUG 20188 --- [student-record] [           main] org.hibernate.type.BasicTypeRegistry     : Adding type registration OffsetDateTime -> org.hibernate.type.BasicTypeReference@eed890d
2024-09-05T09:23:17.344+04:00 DEBUG 20188 --- [student-record] [           main] org.hibernate.type.BasicTypeRegistry     : Adding type registration java.time.OffsetDateTime -> org.hibernate.type.BasicTypeReference@eed890d
2024-09-05T09:23:17.345+04:00 DEBUG 20188 --- [student-record] [           main] org.hibernate.type.BasicTypeRegistry     : Adding type registration OffsetDateTimeWithTimezone -> org.hibernate.type.BasicTypeReference@10f477e2
2024-09-05T09:23:17.345+04:00 DEBUG 20188 --- [student-record] [           main] org.hibernate.type.BasicTypeRegistry     : Adding type registration OffsetDateTimeWithoutTimezone -> org.hibernate.type.BasicTypeReference@6097fca9
2024-09-05T09:23:17.345+04:00 DEBUG 20188 --- [student-record] [           main] org.hibernate.type.BasicTypeRegistry     : Adding type registration OffsetTime -> org.hibernate.type.BasicTypeReference@35eee641
2024-09-05T09:23:17.345+04:00 DEBUG 20188 --- [student-record] [           main] org.hibernate.type.BasicTypeRegistry     : Adding type registration java.time.OffsetTime -> org.hibernate.type.BasicTypeReference@35eee641
2024-09-05T09:23:17.345+04:00 DEBUG 20188 --- [student-record] [           main] org.hibernate.type.BasicTypeRegistry     : Adding type registration OffsetTimeUtc -> org.hibernate.type.BasicTypeReference@5729b410
2024-09-05T09:23:17.345+04:00 DEBUG 20188 --- [student-record] [           main] org.hibernate.type.BasicTypeRegistry     : Adding type registration OffsetTimeWithTimezone -> org.hibernate.type.BasicTypeReference@64518270
2024-09-05T09:23:17.345+04:00 DEBUG 20188 --- [student-record] [           main] org.hibernate.type.BasicTypeRegistry     : Adding type registration OffsetTimeWithoutTimezone -> org.hibernate.type.BasicTypeReference@3b7c58e7
2024-09-05T09:23:17.346+04:00 DEBUG 20188 --- [student-record] [           main] org.hibernate.type.BasicTypeRegistry     : Adding type registration ZonedDateTime -> org.hibernate.type.BasicTypeReference@79627d27
2024-09-05T09:23:17.346+04:00 DEBUG 20188 --- [student-record] [           main] org.hibernate.type.BasicTypeRegistry     : Adding type registration java.time.ZonedDateTime -> org.hibernate.type.BasicTypeReference@79627d27
2024-09-05T09:23:17.346+04:00 DEBUG 20188 --- [student-record] [           main] org.hibernate.type.BasicTypeRegistry     : Adding type registration ZonedDateTimeWithTimezone -> org.hibernate.type.BasicTypeReference@6371cf2f
2024-09-05T09:23:17.346+04:00 DEBUG 20188 --- [student-record] [           main] org.hibernate.type.BasicTypeRegistry     : Adding type registration ZonedDateTimeWithoutTimezone -> org.hibernate.type.BasicTypeReference@b5b9333
2024-09-05T09:23:17.347+04:00 DEBUG 20188 --- [student-record] [           main] org.hibernate.type.BasicTypeRegistry     : Adding type registration date -> org.hibernate.type.BasicTypeReference@52b959df
2024-09-05T09:23:17.347+04:00 DEBUG 20188 --- [student-record] [           main] org.hibernate.type.BasicTypeRegistry     : Adding type registration java.sql.Date -> org.hibernate.type.BasicTypeReference@52b959df
2024-09-05T09:23:17.348+04:00 DEBUG 20188 --- [student-record] [           main] org.hibernate.type.BasicTypeRegistry     : Adding type registration time -> org.hibernate.type.BasicTypeReference@38588dea
2024-09-05T09:23:17.348+04:00 DEBUG 20188 --- [student-record] [           main] org.hibernate.type.BasicTypeRegistry     : Adding type registration java.sql.Time -> org.hibernate.type.BasicTypeReference@38588dea
2024-09-05T09:23:17.348+04:00 DEBUG 20188 --- [student-record] [           main] org.hibernate.type.BasicTypeRegistry     : Adding type registration timestamp -> org.hibernate.type.BasicTypeReference@553d2579
2024-09-05T09:23:17.348+04:00 DEBUG 20188 --- [student-record] [           main] org.hibernate.type.BasicTypeRegistry     : Adding type registration java.sql.Timestamp -> org.hibernate.type.BasicTypeReference@553d2579
2024-09-05T09:23:17.348+04:00 DEBUG 20188 --- [student-record] [           main] org.hibernate.type.BasicTypeRegistry     : Adding type registration java.util.Date -> org.hibernate.type.BasicTypeReference@553d2579
2024-09-05T09:23:17.348+04:00 DEBUG 20188 --- [student-record] [           main] org.hibernate.type.BasicTypeRegistry     : Adding type registration calendar -> org.hibernate.type.BasicTypeReference@2a8f6e6
2024-09-05T09:23:17.349+04:00 DEBUG 20188 --- [student-record] [           main] org.hibernate.type.BasicTypeRegistry     : Adding type registration java.util.Calendar -> org.hibernate.type.BasicTypeReference@2a8f6e6
2024-09-05T09:23:17.349+04:00 DEBUG 20188 --- [student-record] [           main] org.hibernate.type.BasicTypeRegistry     : Adding type registration java.util.GregorianCalendar -> org.hibernate.type.BasicTypeReference@2a8f6e6
2024-09-05T09:23:17.349+04:00 DEBUG 20188 --- [student-record] [           main] org.hibernate.type.BasicTypeRegistry     : Adding type registration calendar_date -> org.hibernate.type.BasicTypeReference@1ac730cd
2024-09-05T09:23:17.349+04:00 DEBUG 20188 --- [student-record] [           main] org.hibernate.type.BasicTypeRegistry     : Adding type registration calendar_time -> org.hibernate.type.BasicTypeReference@668cc9a2
2024-09-05T09:23:17.349+04:00 DEBUG 20188 --- [student-record] [           main] org.hibernate.type.BasicTypeRegistry     : Adding type registration instant -> org.hibernate.type.BasicTypeReference@5aa62ee7
2024-09-05T09:23:17.349+04:00 DEBUG 20188 --- [student-record] [           main] org.hibernate.type.BasicTypeRegistry     : Adding type registration java.time.Instant -> org.hibernate.type.BasicTypeReference@5aa62ee7
2024-09-05T09:23:17.349+04:00 DEBUG 20188 --- [student-record] [           main] org.hibernate.type.BasicTypeRegistry     : Adding type registration uuid -> org.hibernate.type.BasicTypeReference@1f7cec93
2024-09-05T09:23:17.350+04:00 DEBUG 20188 --- [student-record] [           main] org.hibernate.type.BasicTypeRegistry     : Adding type registration java.util.UUID -> org.hibernate.type.BasicTypeReference@1f7cec93
2024-09-05T09:23:17.350+04:00 DEBUG 20188 --- [student-record] [           main] org.hibernate.type.BasicTypeRegistry     : Adding type registration pg-uuid -> org.hibernate.type.BasicTypeReference@1f7cec93
2024-09-05T09:23:17.350+04:00 DEBUG 20188 --- [student-record] [           main] org.hibernate.type.BasicTypeRegistry     : Adding type registration uuid-binary -> org.hibernate.type.BasicTypeReference@3c9ef6e9
2024-09-05T09:23:17.350+04:00 DEBUG 20188 --- [student-record] [           main] org.hibernate.type.BasicTypeRegistry     : Adding type registration uuid-char -> org.hibernate.type.BasicTypeReference@3cdff901
2024-09-05T09:23:17.351+04:00 DEBUG 20188 --- [student-record] [           main] org.hibernate.type.BasicTypeRegistry     : Adding type registration class -> org.hibernate.type.BasicTypeReference@57e5396b
2024-09-05T09:23:17.351+04:00 DEBUG 20188 --- [student-record] [           main] org.hibernate.type.BasicTypeRegistry     : Adding type registration java.lang.Class -> org.hibernate.type.BasicTypeReference@57e5396b
2024-09-05T09:23:17.351+04:00 DEBUG 20188 --- [student-record] [           main] org.hibernate.type.BasicTypeRegistry     : Adding type registration currency -> org.hibernate.type.BasicTypeReference@2f054f70
2024-09-05T09:23:17.351+04:00 DEBUG 20188 --- [student-record] [           main] org.hibernate.type.BasicTypeRegistry     : Adding type registration Currency -> org.hibernate.type.BasicTypeReference@2f054f70
2024-09-05T09:23:17.351+04:00 DEBUG 20188 --- [student-record] [           main] org.hibernate.type.BasicTypeRegistry     : Adding type registration java.util.Currency -> org.hibernate.type.BasicTypeReference@2f054f70
2024-09-05T09:23:17.351+04:00 DEBUG 20188 --- [student-record] [           main] org.hibernate.type.BasicTypeRegistry     : Adding type registration locale -> org.hibernate.type.BasicTypeReference@6467ddc7
2024-09-05T09:23:17.352+04:00 DEBUG 20188 --- [student-record] [           main] org.hibernate.type.BasicTypeRegistry     : Adding type registration java.util.Locale -> org.hibernate.type.BasicTypeReference@6467ddc7
2024-09-05T09:23:17.352+04:00 DEBUG 20188 --- [student-record] [           main] org.hibernate.type.BasicTypeRegistry     : Adding type registration serializable -> org.hibernate.type.BasicTypeReference@27b337bb
2024-09-05T09:23:17.352+04:00 DEBUG 20188 --- [student-record] [           main] org.hibernate.type.BasicTypeRegistry     : Adding type registration java.io.Serializable -> org.hibernate.type.BasicTypeReference@27b337bb
2024-09-05T09:23:17.353+04:00 DEBUG 20188 --- [student-record] [           main] org.hibernate.type.BasicTypeRegistry     : Adding type registration timezone -> org.hibernate.type.BasicTypeReference@59636c47
2024-09-05T09:23:17.353+04:00 DEBUG 20188 --- [student-record] [           main] org.hibernate.type.BasicTypeRegistry     : Adding type registration java.util.TimeZone -> org.hibernate.type.BasicTypeReference@59636c47
2024-09-05T09:23:17.353+04:00 DEBUG 20188 --- [student-record] [           main] org.hibernate.type.BasicTypeRegistry     : Adding type registration ZoneOffset -> org.hibernate.type.BasicTypeReference@5c18d6d4
2024-09-05T09:23:17.353+04:00 DEBUG 20188 --- [student-record] [           main] org.hibernate.type.BasicTypeRegistry     : Adding type registration java.time.ZoneOffset -> org.hibernate.type.BasicTypeReference@5c18d6d4
2024-09-05T09:23:17.353+04:00 DEBUG 20188 --- [student-record] [           main] org.hibernate.type.BasicTypeRegistry     : Adding type registration url -> org.hibernate.type.BasicTypeReference@6cbb175
2024-09-05T09:23:17.354+04:00 DEBUG 20188 --- [student-record] [           main] org.hibernate.type.BasicTypeRegistry     : Adding type registration java.net.URL -> org.hibernate.type.BasicTypeReference@6cbb175
2024-09-05T09:23:17.354+04:00 DEBUG 20188 --- [student-record] [           main] org.hibernate.type.BasicTypeRegistry     : Adding type registration vector -> org.hibernate.type.BasicTypeReference@38fb50f8
2024-09-05T09:23:17.354+04:00 DEBUG 20188 --- [student-record] [           main] org.hibernate.type.BasicTypeRegistry     : Adding type registration row_version -> org.hibernate.type.BasicTypeReference@7ab802f4
2024-09-05T09:23:17.365+04:00 DEBUG 20188 --- [student-record] [           main] org.hibernate.type.BasicTypeRegistry     : Adding type registration object -> org.hibernate.type.JavaObjectType@2f995afc
2024-09-05T09:23:17.365+04:00 DEBUG 20188 --- [student-record] [           main] org.hibernate.type.BasicTypeRegistry     : Adding type registration java.lang.Object -> org.hibernate.type.JavaObjectType@2f995afc
2024-09-05T09:23:17.368+04:00 DEBUG 20188 --- [student-record] [           main] org.hibernate.type.BasicTypeRegistry     : Adding type registration null -> org.hibernate.type.NullType@7fd99443
2024-09-05T09:23:17.368+04:00 DEBUG 20188 --- [student-record] [           main] org.hibernate.type.BasicTypeRegistry     : Adding type registration imm_date -> org.hibernate.type.BasicTypeReference@622d7e4
2024-09-05T09:23:17.368+04:00 DEBUG 20188 --- [student-record] [           main] org.hibernate.type.BasicTypeRegistry     : Adding type registration imm_time -> org.hibernate.type.BasicTypeReference@6a3fbcb1
2024-09-05T09:23:17.368+04:00 DEBUG 20188 --- [student-record] [           main] org.hibernate.type.BasicTypeRegistry     : Adding type registration imm_timestamp -> org.hibernate.type.BasicTypeReference@261b9a37
2024-09-05T09:23:17.368+04:00 DEBUG 20188 --- [student-record] [           main] org.hibernate.type.BasicTypeRegistry     : Adding type registration imm_calendar -> org.hibernate.type.BasicTypeReference@15d3793b
2024-09-05T09:23:17.369+04:00 DEBUG 20188 --- [student-record] [           main] org.hibernate.type.BasicTypeRegistry     : Adding type registration imm_calendar_date -> org.hibernate.type.BasicTypeReference@55e1192
2024-09-05T09:23:17.369+04:00 DEBUG 20188 --- [student-record] [           main] org.hibernate.type.BasicTypeRegistry     : Adding type registration imm_calendar_time -> org.hibernate.type.BasicTypeReference@1213ffbc
2024-09-05T09:23:17.369+04:00 DEBUG 20188 --- [student-record] [           main] org.hibernate.type.BasicTypeRegistry     : Adding type registration imm_binary -> org.hibernate.type.BasicTypeReference@68a305eb
2024-09-05T09:23:17.369+04:00 DEBUG 20188 --- [student-record] [           main] org.hibernate.type.BasicTypeRegistry     : Adding type registration imm_serializable -> org.hibernate.type.BasicTypeReference@6637a365
2024-09-05T09:23:17.757+04:00  INFO 20188 --- [student-record] [           main] o.s.o.j.p.SpringPersistenceUnitInfo      : No LoadTimeWeaver setup: ignoring JPA class transformer
2024-09-05T09:23:17.804+04:00  INFO 20188 --- [student-record] [           main] com.zaxxer.hikari.HikariDataSource       : HikariPool-1 - Starting...
2024-09-05T09:23:17.808+04:00  WARN 20188 --- [student-record] [           main] c.zaxxer.hikari.util.DriverDataSource    : Registered driver with driverClassName=com.mysql.jdbc.Driver was not found, trying direct instantiation.
2024-09-05T09:23:18.114+04:00  INFO 20188 --- [student-record] [           main] com.zaxxer.hikari.pool.HikariPool        : HikariPool-1 - Added connection com.mysql.cj.jdbc.ConnectionImpl@589dfa6f
2024-09-05T09:23:18.118+04:00  INFO 20188 --- [student-record] [           main] com.zaxxer.hikari.HikariDataSource       : HikariPool-1 - Start completed.
2024-09-05T09:23:18.208+04:00  WARN 20188 --- [student-record] [           main] org.hibernate.orm.deprecation            : HHH90000025: MySQL8Dialect does not need to be specified explicitly using 'hibernate.dialect' (remove the property setting and it will be selected by default)
2024-09-05T09:23:18.211+04:00  WARN 20188 --- [student-record] [           main] org.hibernate.orm.deprecation            : HHH90000026: MySQL8Dialect has been deprecated; use org.hibernate.dialect.MySQLDialect instead
2024-09-05T09:23:18.276+04:00 DEBUG 20188 --- [student-record] [           main] o.h.t.d.sql.spi.DdlTypeRegistry          : addDescriptor(12, org.hibernate.type.descriptor.sql.internal.CapacityDependentDdlType@67a8bcbb) replaced previous registration(org.hibernate.type.descriptor.sql.internal.CapacityDependentDdlType@1bb96449)
2024-09-05T09:23:18.276+04:00 DEBUG 20188 --- [student-record] [           main] o.h.t.d.sql.spi.DdlTypeRegistry          : addDescriptor(-9, org.hibernate.type.descriptor.sql.internal.CapacityDependentDdlType@26ffd2c0) replaced previous registration(org.hibernate.type.descriptor.sql.internal.CapacityDependentDdlType@d28c214)
2024-09-05T09:23:18.277+04:00 DEBUG 20188 --- [student-record] [           main] o.h.t.d.sql.spi.DdlTypeRegistry          : addDescriptor(-3, org.hibernate.type.descriptor.sql.internal.CapacityDependentDdlType@2fc7fa6e) replaced previous registration(org.hibernate.type.descriptor.sql.internal.CapacityDependentDdlType@7f8c48f3)
2024-09-05T09:23:18.278+04:00 DEBUG 20188 --- [student-record] [           main] o.h.t.d.sql.spi.DdlTypeRegistry          : addDescriptor(4003, org.hibernate.type.descriptor.sql.internal.DdlTypeImpl@273dec10) replaced previous registration(org.hibernate.type.descriptor.sql.internal.DdlTypeImpl@6cceb281)
2024-09-05T09:23:18.278+04:00 DEBUG 20188 --- [student-record] [           main] o.h.t.d.sql.spi.DdlTypeRegistry          : addDescriptor(4001, org.hibernate.type.descriptor.sql.internal.DdlTypeImpl@7cca31fc) replaced previous registration(org.hibernate.type.descriptor.sql.internal.DdlTypeImpl@619c3546)
2024-09-05T09:23:18.278+04:00 DEBUG 20188 --- [student-record] [           main] o.h.t.d.sql.spi.DdlTypeRegistry          : addDescriptor(4002, org.hibernate.type.descriptor.sql.internal.DdlTypeImpl@29090809) replaced previous registration(org.hibernate.type.descriptor.sql.internal.DdlTypeImpl@30cafd13)
2024-09-05T09:23:18.278+04:00 DEBUG 20188 --- [student-record] [           main] o.h.t.d.sql.spi.DdlTypeRegistry          : addDescriptor(2004, org.hibernate.type.descriptor.sql.internal.CapacityDependentDdlType@1d226f27) replaced previous registration(org.hibernate.type.descriptor.sql.internal.DdlTypeImpl@1d944fc0)
2024-09-05T09:23:18.279+04:00 DEBUG 20188 --- [student-record] [           main] o.h.t.d.sql.spi.DdlTypeRegistry          : addDescriptor(2005, org.hibernate.type.descriptor.sql.internal.CapacityDependentDdlType@7c3c453b) replaced previous registration(org.hibernate.type.descriptor.sql.internal.DdlTypeImpl@1b791dca)
2024-09-05T09:23:18.279+04:00 DEBUG 20188 --- [student-record] [           main] o.h.t.d.sql.spi.DdlTypeRegistry          : addDescriptor(2011, org.hibernate.type.descriptor.sql.internal.CapacityDependentDdlType@15ac02d5) replaced previous registration(org.hibernate.type.descriptor.sql.internal.DdlTypeImpl@2af9a5ef)
2024-09-05T09:23:18.282+04:00 DEBUG 20188 --- [student-record] [           main] o.h.t.d.jdbc.spi.JdbcTypeRegistry        : addDescriptor(NCharTypeDescriptor) replaced previous registration(CharTypeDescriptor)
2024-09-05T09:23:18.284+04:00 DEBUG 20188 --- [student-record] [           main] o.h.t.d.jdbc.spi.JdbcTypeRegistry        : addDescriptor(NVarcharTypeDescriptor) replaced previous registration(VarcharTypeDescriptor)
2024-09-05T09:23:18.285+04:00 DEBUG 20188 --- [student-record] [           main] o.h.t.d.jdbc.spi.JdbcTypeRegistry        : addDescriptor(LongNVarcharTypeDescriptor) replaced previous registration(LongVarcharTypeDescriptor)
2024-09-05T09:23:18.293+04:00 DEBUG 20188 --- [student-record] [           main] o.h.t.d.jdbc.spi.JdbcTypeRegistry        : addDescriptor(NClobTypeDescriptor(DEFAULT)) replaced previous registration(ClobTypeDescriptor(DEFAULT))
2024-09-05T09:23:18.294+04:00 DEBUG 20188 --- [student-record] [           main] o.h.t.d.jdbc.spi.JdbcTypeRegistry        : addDescriptor(2005, ClobTypeDescriptor(STREAM_BINDING)) replaced previous registration(ClobTypeDescriptor(DEFAULT))
2024-09-05T09:23:18.302+04:00 DEBUG 20188 --- [student-record] [           main] org.hibernate.type.BasicTypeRegistry     : Adding type registration null -> org.hibernate.type.NullType@ff03361
2024-09-05T09:23:18.302+04:00 DEBUG 20188 --- [student-record] [           main] org.hibernate.type.BasicTypeRegistry     : Type registration key [null] overrode previous entry : `org.hibernate.type.NullType@7fd99443`
2024-09-05T09:23:18.313+04:00 DEBUG 20188 --- [student-record] [           main] org.hibernate.type.BasicTypeRegistry     : Adding type registration org.hibernate.type.DurationType -> basicType@1(java.time.Duration,3015)
2024-09-05T09:23:18.313+04:00 DEBUG 20188 --- [student-record] [           main] org.hibernate.type.BasicTypeRegistry     : Adding type registration Duration -> basicType@1(java.time.Duration,3015)
2024-09-05T09:23:18.313+04:00 DEBUG 20188 --- [student-record] [           main] org.hibernate.type.BasicTypeRegistry     : Adding type registration java.time.Duration -> basicType@1(java.time.Duration,3015)
2024-09-05T09:23:18.341+04:00 DEBUG 20188 --- [student-record] [           main] org.hibernate.type.BasicTypeRegistry     : Adding type registration org.hibernate.type.OffsetDateTimeType -> basicType@2(java.time.OffsetDateTime,3003)
2024-09-05T09:23:18.341+04:00 DEBUG 20188 --- [student-record] [           main] org.hibernate.type.BasicTypeRegistry     : Adding type registration OffsetDateTime -> basicType@2(java.time.OffsetDateTime,3003)
2024-09-05T09:23:18.341+04:00 DEBUG 20188 --- [student-record] [           main] org.hibernate.type.BasicTypeRegistry     : Adding type registration java.time.OffsetDateTime -> basicType@2(java.time.OffsetDateTime,3003)
2024-09-05T09:23:18.341+04:00 DEBUG 20188 --- [student-record] [           main] org.hibernate.type.BasicTypeRegistry     : Adding type registration org.hibernate.type.ZonedDateTimeType -> basicType@3(java.time.ZonedDateTime,3003)
2024-09-05T09:23:18.342+04:00 DEBUG 20188 --- [student-record] [           main] org.hibernate.type.BasicTypeRegistry     : Adding type registration ZonedDateTime -> basicType@3(java.time.ZonedDateTime,3003)
2024-09-05T09:23:18.342+04:00 DEBUG 20188 --- [student-record] [           main] org.hibernate.type.BasicTypeRegistry     : Adding type registration java.time.ZonedDateTime -> basicType@3(java.time.ZonedDateTime,3003)
2024-09-05T09:23:18.344+04:00 DEBUG 20188 --- [student-record] [           main] org.hibernate.type.BasicTypeRegistry     : Adding type registration org.hibernate.type.OffsetTimeType -> basicType@4(java.time.OffsetTime,3007)
2024-09-05T09:23:18.344+04:00 DEBUG 20188 --- [student-record] [           main] org.hibernate.type.BasicTypeRegistry     : Adding type registration OffsetTime -> basicType@4(java.time.OffsetTime,3007)
2024-09-05T09:23:18.344+04:00 DEBUG 20188 --- [student-record] [           main] org.hibernate.type.BasicTypeRegistry     : Adding type registration java.time.OffsetTime -> basicType@4(java.time.OffsetTime,3007)
2024-09-05T09:23:18.352+04:00 DEBUG 20188 --- [student-record] [           main] o.h.type.spi.TypeConfiguration$Scope     : Scoping TypeConfiguration [org.hibernate.type.spi.TypeConfiguration@2a7bc16b] to MetadataBuildingContext [org.hibernate.boot.internal.MetadataBuildingContextRootImpl@1186374c]
2024-09-05T09:23:19.857+04:00  INFO 20188 --- [student-record] [           main] o.h.e.t.j.p.i.JtaPlatformInitiator       : HHH000489: No JTA platform available (set 'hibernate.transaction.jta.platform' to enable JTA platform integration)
2024-09-05T09:23:19.858+04:00 DEBUG 20188 --- [student-record] [           main] o.h.type.spi.TypeConfiguration$Scope     : Scoping TypeConfiguration [org.hibernate.type.spi.TypeConfiguration@2a7bc16b] to SessionFactoryImplementor [org.hibernate.internal.SessionFactoryImpl@239d9cb7]
2024-09-05T09:23:20.419+04:00 TRACE 20188 --- [student-record] [           main] o.h.type.spi.TypeConfiguration$Scope     : Handling #sessionFactoryCreated from [org.hibernate.internal.SessionFactoryImpl@239d9cb7] for TypeConfiguration
2024-09-05T09:23:20.420+04:00  INFO 20188 --- [student-record] [           main] j.LocalContainerEntityManagerFactoryBean : Initialized JPA EntityManagerFactory for persistence unit 'default'
2024-09-05T09:23:20.951+04:00  INFO 20188 --- [student-record] [           main] o.s.d.j.r.query.QueryEnhancerFactory     : Hibernate is in classpath; If applicable, HQL parser will be used.
2024-09-05T09:23:21.937+04:00  WARN 20188 --- [student-record] [           main] JpaBaseConfiguration$JpaWebConfiguration : spring.jpa.open-in-view is enabled by default. Therefore, database queries may be performed during view rendering. Explicitly configure spring.jpa.open-in-view to disable this warning
2024-09-05T09:23:22.768+04:00  INFO 20188 --- [student-record] [           main] c.s.sms.StudentRecordApplicationTests    : Started StudentRecordApplicationTests in 8.981 seconds (process running for 10.813)
]]></system-out>
    <system-err><![CDATA[Loading class `com.mysql.jdbc.Driver'. This is deprecated. The new driver class is `com.mysql.cj.jdbc.Driver'. The driver is automatically registered via the SPI and manual loading of the driver class is generally unnecessary.
]]></system-err>
  </testcase>
</testsuite>